<?xml version="1.0" encoding="UTF-8"?>
<!-- Generated by org.testng.reporters.JUnitXMLReporter -->
<testsuite ignored="0" hostname="device" failures="0" tests="4" name="Default test" time="3.541" errors="0" timestamp="2023-10-18T00:39:36 EDT">
  <testcase classname="api.test.UserTest2" name="testPostUser" time="2.112"/>
  <testcase classname="api.test.UserTest2" name="testGetUserByName" time="0.2"/>
  <testcase classname="api.test.UserTest2" name="testUpdateUserByName" time="0.479"/>
  <testcase classname="api.test.UserTest2" name="testDeletetUserByName" time="0.251"/>
</testsuite> <!-- Default test -->
