<?xml version="1.0" encoding="UTF-8"?>
<testng-results ignored="0" total="10" passed="10" failed="0" skipped="0">
  <reporter-output>
  </reporter-output>
  <suite started-at="2023-10-18T16:29:01 EDT" name="PetSuite" finished-at="2023-10-18T16:29:06 EDT" duration-ms="4916">
    <groups>
    </groups>
    <test started-at="2023-10-18T16:29:01 EDT" name="PetTest" finished-at="2023-10-18T16:29:06 EDT" duration-ms="4916">
      <class name="api.test.UserTest">
        <test-method is-config="true" signature="setupData()[pri:0, instance:api.test.UserTest@72437d8d]" started-at="2023-10-18T16:29:05 EDT" name="setupData" finished-at="2023-10-18T16:29:05 EDT" duration-ms="112" status="PASS">
          <reporter-output>
          </reporter-output>
        </test-method> <!-- setupData -->
        <test-method signature="testPostUser()[pri:1, instance:api.test.UserTest@72437d8d]" started-at="2023-10-18T16:29:05 EDT" name="testPostUser" finished-at="2023-10-18T16:29:05 EDT" duration-ms="287" status="PASS">
          <reporter-output>
          </reporter-output>
        </test-method> <!-- testPostUser -->
        <test-method signature="testGetUserByName()[pri:2, instance:api.test.UserTest@72437d8d]" started-at="2023-10-18T16:29:05 EDT" name="testGetUserByName" finished-at="2023-10-18T16:29:05 EDT" duration-ms="258" status="PASS">
          <reporter-output>
          </reporter-output>
        </test-method> <!-- testGetUserByName -->
        <test-method signature="testUpdateUserByName()[pri:3, instance:api.test.UserTest@72437d8d]" started-at="2023-10-18T16:29:05 EDT" name="testUpdateUserByName" finished-at="2023-10-18T16:29:06 EDT" duration-ms="343" status="PASS">
          <reporter-output>
          </reporter-output>
        </test-method> <!-- testUpdateUserByName -->
        <test-method signature="testDeletetUserByName()[pri:4, instance:api.test.UserTest@72437d8d]" started-at="2023-10-18T16:29:06 EDT" name="testDeletetUserByName" finished-at="2023-10-18T16:29:06 EDT" duration-ms="168" status="PASS">
          <reporter-output>
          </reporter-output>
        </test-method> <!-- testDeletetUserByName -->
      </class> <!-- api.test.UserTest -->
      <class name="api.test.DDTests">
        <test-method signature="testPostuser(java.lang.String, java.lang.String, java.lang.String, java.lang.String, java.lang.String, java.lang.String, java.lang.String)[pri:1, instance:api.test.DDTests@1c481ff2]" started-at="2023-10-18T16:29:02 EDT" name="testPostuser" data-provider="Data" finished-at="2023-10-18T16:29:04 EDT" duration-ms="1657" status="PASS">
          <params>
            <param index="0">
              <value>
                <![CDATA[1010]]>
              </value>
            </param>
            <param index="1">
              <value>
                <![CDATA[testuser1]]>
              </value>
            </param>
            <param index="2">
              <value>
                <![CDATA[john]]>
              </value>
            </param>
            <param index="3">
              <value>
                <![CDATA[Canedy]]>
              </value>
            </param>
            <param index="4">
              <value>
                <![CDATA[a@fgg.com]]>
              </value>
            </param>
            <param index="5">
              <value>
                <![CDATA[test@1]]>
              </value>
            </param>
            <param index="6">
              <value>
                <![CDATA[1234567897]]>
              </value>
            </param>
          </params>
          <reporter-output>
          </reporter-output>
        </test-method> <!-- testPostuser -->
        <test-method signature="testPostuser(java.lang.String, java.lang.String, java.lang.String, java.lang.String, java.lang.String, java.lang.String, java.lang.String)[pri:1, instance:api.test.DDTests@1c481ff2]" started-at="2023-10-18T16:29:04 EDT" name="testPostuser" data-provider="Data" finished-at="2023-10-18T16:29:04 EDT" duration-ms="189" status="PASS">
          <params>
            <param index="0">
              <value>
                <![CDATA[1020]]>
              </value>
            </param>
            <param index="1">
              <value>
                <![CDATA[testuser2]]>
              </value>
            </param>
            <param index="2">
              <value>
                <![CDATA[Kim]]>
              </value>
            </param>
            <param index="3">
              <value>
                <![CDATA[Kom]]>
              </value>
            </param>
            <param index="4">
              <value>
                <![CDATA[b@sdfgd.com]]>
              </value>
            </param>
            <param index="5">
              <value>
                <![CDATA[test@2]]>
              </value>
            </param>
            <param index="6">
              <value>
                <![CDATA[1234567897]]>
              </value>
            </param>
          </params>
          <reporter-output>
          </reporter-output>
        </test-method> <!-- testPostuser -->
        <test-method signature="testPostuser(java.lang.String, java.lang.String, java.lang.String, java.lang.String, java.lang.String, java.lang.String, java.lang.String)[pri:1, instance:api.test.DDTests@1c481ff2]" started-at="2023-10-18T16:29:04 EDT" name="testPostuser" data-provider="Data" finished-at="2023-10-18T16:29:04 EDT" duration-ms="190" status="PASS">
          <params>
            <param index="0">
              <value>
                <![CDATA[1030]]>
              </value>
            </param>
            <param index="1">
              <value>
                <![CDATA[testuser3]]>
              </value>
            </param>
            <param index="2">
              <value>
                <![CDATA[Smith]]>
              </value>
            </param>
            <param index="3">
              <value>
                <![CDATA[Steve ]]>
              </value>
            </param>
            <param index="4">
              <value>
                <![CDATA[c@fgfg.com]]>
              </value>
            </param>
            <param index="5">
              <value>
                <![CDATA[test2 ]]>
              </value>
            </param>
            <param index="6">
              <value>
                <![CDATA[1234567890]]>
              </value>
            </param>
          </params>
          <reporter-output>
          </reporter-output>
        </test-method> <!-- testPostuser -->
        <test-method signature="testPostuser(java.lang.String)[pri:2, instance:api.test.DDTests@1c481ff2]" started-at="2023-10-18T16:29:04 EDT" name="testPostuser" data-provider="UserNames" finished-at="2023-10-18T16:29:04 EDT" duration-ms="188" status="PASS">
          <params>
            <param index="0">
              <value>
                <![CDATA[testuser1]]>
              </value>
            </param>
          </params>
          <reporter-output>
          </reporter-output>
        </test-method> <!-- testPostuser -->
        <test-method signature="testPostuser(java.lang.String)[pri:2, instance:api.test.DDTests@1c481ff2]" started-at="2023-10-18T16:29:04 EDT" name="testPostuser" data-provider="UserNames" finished-at="2023-10-18T16:29:04 EDT" duration-ms="191" status="PASS">
          <params>
            <param index="0">
              <value>
                <![CDATA[testuser2]]>
              </value>
            </param>
          </params>
          <reporter-output>
          </reporter-output>
        </test-method> <!-- testPostuser -->
        <test-method signature="testPostuser(java.lang.String)[pri:2, instance:api.test.DDTests@1c481ff2]" started-at="2023-10-18T16:29:04 EDT" name="testPostuser" data-provider="UserNames" finished-at="2023-10-18T16:29:05 EDT" duration-ms="185" status="PASS">
          <params>
            <param index="0">
              <value>
                <![CDATA[testuser3]]>
              </value>
            </param>
          </params>
          <reporter-output>
          </reporter-output>
        </test-method> <!-- testPostuser -->
      </class> <!-- api.test.DDTests -->
    </test> <!-- PetTest -->
  </suite> <!-- PetSuite -->
</testng-results>
