<?xml version="1.0" encoding="UTF-8"?>
<testng-results ignored="0" total="4" passed="4" failed="0" skipped="0">
  <reporter-output>
  </reporter-output>
  <suite started-at="2023-10-18T00:39:32 EDT" name="Default suite" finished-at="2023-10-18T00:39:36 EDT" duration-ms="3541">
    <groups>
    </groups>
    <test started-at="2023-10-18T00:39:32 EDT" name="Default test" finished-at="2023-10-18T00:39:36 EDT" duration-ms="3541">
      <class name="api.test.UserTest2">
        <test-method is-config="true" signature="setupData()[pri:0, instance:api.test.UserTest2@3f6b0be5]" started-at="2023-10-18T00:39:32 EDT" name="setupData" finished-at="2023-10-18T00:39:33 EDT" duration-ms="463" status="PASS">
          <reporter-output>
          </reporter-output>
        </test-method> <!-- setupData -->
        <test-method signature="testPostUser()[pri:1, instance:api.test.UserTest2@3f6b0be5]" started-at="2023-10-18T00:39:33 EDT" name="testPostUser" finished-at="2023-10-18T00:39:35 EDT" duration-ms="2112" status="PASS">
          <reporter-output>
          </reporter-output>
        </test-method> <!-- testPostUser -->
        <test-method signature="testGetUserByName()[pri:2, instance:api.test.UserTest2@3f6b0be5]" started-at="2023-10-18T00:39:35 EDT" name="testGetUserByName" finished-at="2023-10-18T00:39:35 EDT" duration-ms="200" status="PASS">
          <reporter-output>
          </reporter-output>
        </test-method> <!-- testGetUserByName -->
        <test-method signature="testUpdateUserByName()[pri:3, instance:api.test.UserTest2@3f6b0be5]" started-at="2023-10-18T00:39:35 EDT" name="testUpdateUserByName" finished-at="2023-10-18T00:39:35 EDT" duration-ms="479" status="PASS">
          <reporter-output>
          </reporter-output>
        </test-method> <!-- testUpdateUserByName -->
        <test-method signature="testDeletetUserByName()[pri:4, instance:api.test.UserTest2@3f6b0be5]" started-at="2023-10-18T00:39:35 EDT" name="testDeletetUserByName" finished-at="2023-10-18T00:39:36 EDT" duration-ms="251" status="PASS">
          <reporter-output>
          </reporter-output>
        </test-method> <!-- testDeletetUserByName -->
      </class> <!-- api.test.UserTest2 -->
    </test> <!-- Default test -->
  </suite> <!-- Default suite -->
</testng-results>
