<?xml version="1.0" encoding="UTF-8"?>
<!-- Generated by org.testng.reporters.JUnitXMLReporter -->
<testsuite ignored="0" hostname="device" failures="0" tests="10" name="PetTest" time="4.916" errors="0" timestamp="2023-10-18T16:29:06 EDT">
  <testcase classname="api.test.DDTests" name="testPostuser" time="1.657"/>
  <testcase classname="api.test.DDTests" name="testPostuser" time="0.189"/>
  <testcase classname="api.test.DDTests" name="testPostuser" time="0.19"/>
  <testcase classname="api.test.DDTests" name="testPostuser" time="0.188"/>
  <testcase classname="api.test.DDTests" name="testPostuser" time="0.191"/>
  <testcase classname="api.test.DDTests" name="testPostuser" time="0.185"/>
  <testcase classname="api.test.UserTest" name="testPostUser" time="0.287"/>
  <testcase classname="api.test.UserTest" name="testGetUserByName" time="0.258"/>
  <testcase classname="api.test.UserTest" name="testUpdateUserByName" time="0.343"/>
  <testcase classname="api.test.UserTest" name="testDeletetUserByName" time="0.168"/>
</testsuite> <!-- PetTest -->
